<?xml version="1.0" encoding="UTF-8"?>
<testng-results ignored="0" total="4" passed="3" failed="1" skipped="0">
  <reporter-output>
  </reporter-output>
  <suite started-at="2024-03-05T15:15:12 IST" name="Default suite" finished-at="2024-03-05T15:15:49 IST" duration-ms="37302">
    <groups>
    </groups>
    <test started-at="2024-03-05T15:15:12 IST" name="Default test" finished-at="2024-03-05T15:15:49 IST" duration-ms="37302">
      <class name="com.assessment.Application_Tendable">
        <test-method is-config="true" signature="launch_Navigation()[pri:0, instance:com.assessment.Application_Tendable@740fb309]" started-at="2024-03-05T15:15:12 IST" name="launch_Navigation" finished-at="2024-03-05T15:15:19 IST" duration-ms="7406" status="PASS">
          <reporter-output>
          </reporter-output>
        </test-method> <!-- launch_Navigation -->
        <test-method signature="confirmAccessibilitity()[pri:1, instance:com.assessment.Application_Tendable@740fb309]" started-at="2024-03-05T15:15:19 IST" name="confirmAccessibilitity" finished-at="2024-03-05T15:15:19 IST" duration-ms="100" status="PASS">
          <reporter-output>
          </reporter-output>
        </test-method> <!-- confirmAccessibilitity -->
        <test-method signature="testRequestDemoButtonPresenceAndActivity()[pri:2, instance:com.assessment.Application_Tendable@740fb309]" started-at="2024-03-05T15:15:19 IST" name="testRequestDemoButtonPresenceAndActivity" finished-at="2024-03-05T15:15:22 IST" duration-ms="2863" status="FAIL">
          <exception class="java.lang.AssertionError">
            <message>
              <![CDATA[Request a Demo button is not present or active on Home page. expected [true] but found [false]]]>
            </message>
            <full-stacktrace>
              <![CDATA[java.lang.AssertionError: Request a Demo button is not present or active on Home page. expected [true] but found [false]
at org.testng.Assert.fail(Assert.java:111)
at org.testng.Assert.failNotEquals(Assert.java:1578)
at org.testng.Assert.assertTrue(Assert.java:57)
at com.assessment.Application_Tendable.testRequestDemoButtonPresenceAndActivity(Application_Tendable.java:48)
at java.base/jdk.internal.reflect.NativeMethodAccessorImpl.invoke0(Native Method)
at java.base/jdk.internal.reflect.NativeMethodAccessorImpl.invoke(NativeMethodAccessorImpl.java:77)
at java.base/jdk.internal.reflect.DelegatingMethodAccessorImpl.invoke(DelegatingMethodAccessorImpl.java:43)
at java.base/java.lang.reflect.Method.invoke(Method.java:568)
at org.testng.internal.invokers.MethodInvocationHelper.invokeMethod(MethodInvocationHelper.java:139)
at org.testng.internal.invokers.TestInvoker.invokeMethod(TestInvoker.java:664)
at org.testng.internal.invokers.TestInvoker.invokeTestMethod(TestInvoker.java:228)
at org.testng.internal.invokers.MethodRunner.runInSequence(MethodRunner.java:63)
at org.testng.internal.invokers.TestInvoker$MethodInvocationAgent.invoke(TestInvoker.java:961)
at org.testng.internal.invokers.TestInvoker.invokeTestMethods(TestInvoker.java:201)
at org.testng.internal.invokers.TestMethodWorker.invokeTestMethods(TestMethodWorker.java:148)
at org.testng.internal.invokers.TestMethodWorker.run(TestMethodWorker.java:128)
at java.base/java.util.ArrayList.forEach(ArrayList.java:1511)
at org.testng.TestRunner.privateRun(TestRunner.java:819)
at org.testng.TestRunner.run(TestRunner.java:619)
at org.testng.SuiteRunner.runTest(SuiteRunner.java:443)
at org.testng.SuiteRunner.runSequentially(SuiteRunner.java:437)
at org.testng.SuiteRunner.privateRun(SuiteRunner.java:397)
at org.testng.SuiteRunner.run(SuiteRunner.java:336)
at org.testng.SuiteRunnerWorker.runSuite(SuiteRunnerWorker.java:52)
at org.testng.SuiteRunnerWorker.run(SuiteRunnerWorker.java:95)
at org.testng.TestNG.runSuitesSequentially(TestNG.java:1301)
at org.testng.TestNG.runSuitesLocally(TestNG.java:1228)
at org.testng.TestNG.runSuites(TestNG.java:1134)
at org.testng.TestNG.run(TestNG.java:1101)
at org.testng.remote.AbstractRemoteTestNG.run(AbstractRemoteTestNG.java:115)
at org.testng.remote.RemoteTestNG.initAndRun(RemoteTestNG.java:251)
at org.testng.remote.RemoteTestNG.main(RemoteTestNG.java:77)
]]>
            </full-stacktrace>
          </exception> <!-- java.lang.AssertionError -->
          <reporter-output>
          </reporter-output>
        </test-method> <!-- testRequestDemoButtonPresenceAndActivity -->
        <test-method signature="testErrorMessageAppearance()[pri:3, instance:com.assessment.Application_Tendable@740fb309]" started-at="2024-03-05T15:15:22 IST" name="testErrorMessageAppearance" finished-at="2024-03-05T15:15:38 IST" duration-ms="15581" status="PASS">
          <reporter-output>
          </reporter-output>
        </test-method> <!-- testErrorMessageAppearance -->
        <test-method signature="threefailsErrorMessageAppearance()[pri:4, instance:com.assessment.Application_Tendable@740fb309]" started-at="2024-03-05T15:15:38 IST" name="threefailsErrorMessageAppearance" finished-at="2024-03-05T15:15:49 IST" duration-ms="11074" status="PASS">
          <reporter-output>
          </reporter-output>
        </test-method> <!-- threefailsErrorMessageAppearance -->
        <test-method is-config="true" signature="afterClass()[pri:0, instance:com.assessment.Application_Tendable@740fb309]" started-at="2024-03-05T15:15:49 IST" name="afterClass" finished-at="2024-03-05T15:15:49 IST" duration-ms="242" status="PASS">
          <reporter-output>
          </reporter-output>
        </test-method> <!-- afterClass -->
      </class> <!-- com.assessment.Application_Tendable -->
    </test> <!-- Default test -->
  </suite> <!-- Default suite -->
</testng-results>
